2024-08-31 21:04:50 [scrapy.utils.log] INFO: Scrapy 2.11.2 started (bot: mySpider05)
2024-08-31 21:04:50 [scrapy.utils.log] INFO: Versions: lxml 5.3.0.0, libxml2 2.11.7, cssselect 1.2.0, parsel 1.9.1, w3lib 2.2.1, Twisted 24.7.0, Python 3.12.4 (tags/v3.12.4:8e8a4ba, Jun  6 2024, 19:30:16) [MSC v.1940 64 bit (AMD64)], pyOpenSSL 24.2.1 (OpenSSL 3.3.1 4 Jun 2024), cryptography 43.0.0, Platform Windows-11-10.0.22631-SP0
2024-08-31 21:04:50 [scrapy.addons] INFO: Enabled addons:
[]
2024-08-31 21:04:50 [asyncio] DEBUG: Using selector: SelectSelector
2024-08-31 21:04:50 [scrapy.utils.log] DEBUG: Using reactor: twisted.internet.asyncioreactor.AsyncioSelectorReactor
2024-08-31 21:04:50 [scrapy.utils.log] DEBUG: Using asyncio event loop: asyncio.windows_events._WindowsSelectorEventLoop
2024-08-31 21:04:50 [scrapy.extensions.telnet] INFO: Telnet Password: 9fd34d231c652615
2024-08-31 21:04:50 [scrapy.middleware] INFO: Enabled extensions:
['scrapy.extensions.corestats.CoreStats',
 'scrapy.extensions.telnet.TelnetConsole',
 'scrapy.extensions.logstats.LogStats']
2024-08-31 21:04:50 [scrapy.crawler] INFO: Overridden settings:
{'BOT_NAME': 'mySpider05',
 'FEED_EXPORT_ENCODING': 'utf-8',
 'LOG_FILE': 'mySpider04.log',
 'NEWSPIDER_MODULE': 'mySpider05.spiders',
 'REQUEST_FINGERPRINTER_IMPLEMENTATION': '2.7',
 'SPIDER_MODULES': ['mySpider05.spiders'],
 'TWISTED_REACTOR': 'twisted.internet.asyncioreactor.AsyncioSelectorReactor'}
2024-08-31 21:04:50 [scrapy.middleware] INFO: Enabled downloader middlewares:
['scrapy.downloadermiddlewares.offsite.OffsiteMiddleware',
 'scrapy.downloadermiddlewares.httpauth.HttpAuthMiddleware',
 'scrapy.downloadermiddlewares.downloadtimeout.DownloadTimeoutMiddleware',
 'scrapy.downloadermiddlewares.defaultheaders.DefaultHeadersMiddleware',
 'scrapy.downloadermiddlewares.useragent.UserAgentMiddleware',
 'scrapy.downloadermiddlewares.retry.RetryMiddleware',
 'scrapy.downloadermiddlewares.redirect.MetaRefreshMiddleware',
 'scrapy.downloadermiddlewares.httpcompression.HttpCompressionMiddleware',
 'scrapy.downloadermiddlewares.redirect.RedirectMiddleware',
 'scrapy.downloadermiddlewares.cookies.CookiesMiddleware',
 'scrapy.downloadermiddlewares.httpproxy.HttpProxyMiddleware',
 'scrapy.downloadermiddlewares.stats.DownloaderStats']
2024-08-31 21:04:50 [scrapy.middleware] INFO: Enabled spider middlewares:
['scrapy.spidermiddlewares.httperror.HttpErrorMiddleware',
 'scrapy.spidermiddlewares.referer.RefererMiddleware',
 'scrapy.spidermiddlewares.urllength.UrlLengthMiddleware',
 'scrapy.spidermiddlewares.depth.DepthMiddleware']
2024-08-31 21:04:50 [scrapy.middleware] INFO: Enabled item pipelines:
[]
2024-08-31 21:04:50 [scrapy.core.engine] INFO: Spider opened
2024-08-31 21:04:50 [scrapy.extensions.logstats] INFO: Crawled 0 pages (at 0 pages/min), scraped 0 items (at 0 items/min)
2024-08-31 21:04:50 [scrapy.extensions.telnet] INFO: Telnet console listening on 127.0.0.1:6024
2024-08-31 21:04:50 [scrapy.core.engine] DEBUG: Crawled (200) <POST https://fanyi.baidu.com/sug> (referer: None)
2024-08-31 21:04:50 [scrapy.core.engine] INFO: Closing spider (finished)
2024-08-31 21:04:50 [scrapy.statscollectors] INFO: Dumping Scrapy stats:
{'downloader/request_bytes': 277,
 'downloader/request_count': 1,
 'downloader/request_method_count/POST': 1,
 'downloader/response_bytes': 820,
 'downloader/response_count': 1,
 'downloader/response_status_count/200': 1,
 'elapsed_time_seconds': 0.327214,
 'finish_reason': 'finished',
 'finish_time': datetime.datetime(2024, 8, 31, 13, 4, 50, 990271, tzinfo=datetime.timezone.utc),
 'httpcompression/response_bytes': 685,
 'httpcompression/response_count': 1,
 'log_count/DEBUG': 4,
 'log_count/INFO': 10,
 'response_received_count': 1,
 'scheduler/dequeued': 1,
 'scheduler/dequeued/memory': 1,
 'scheduler/enqueued': 1,
 'scheduler/enqueued/memory': 1,
 'start_time': datetime.datetime(2024, 8, 31, 13, 4, 50, 663057, tzinfo=datetime.timezone.utc)}
2024-08-31 21:04:50 [scrapy.core.engine] INFO: Spider closed (finished)
2024-08-31 21:08:21 [scrapy.utils.log] INFO: Scrapy 2.11.2 started (bot: mySpider05)
2024-08-31 21:08:21 [scrapy.utils.log] INFO: Versions: lxml 5.3.0.0, libxml2 2.11.7, cssselect 1.2.0, parsel 1.9.1, w3lib 2.2.1, Twisted 24.7.0, Python 3.12.4 (tags/v3.12.4:8e8a4ba, Jun  6 2024, 19:30:16) [MSC v.1940 64 bit (AMD64)], pyOpenSSL 24.2.1 (OpenSSL 3.3.1 4 Jun 2024), cryptography 43.0.0, Platform Windows-11-10.0.22631-SP0
2024-08-31 21:08:21 [scrapy.addons] INFO: Enabled addons:
[]
2024-08-31 21:08:21 [asyncio] DEBUG: Using selector: SelectSelector
2024-08-31 21:08:21 [scrapy.utils.log] DEBUG: Using reactor: twisted.internet.asyncioreactor.AsyncioSelectorReactor
2024-08-31 21:08:21 [scrapy.utils.log] DEBUG: Using asyncio event loop: asyncio.windows_events._WindowsSelectorEventLoop
2024-08-31 21:08:21 [scrapy.extensions.telnet] INFO: Telnet Password: f9aa723ebd33e801
2024-08-31 21:08:21 [scrapy.middleware] INFO: Enabled extensions:
['scrapy.extensions.corestats.CoreStats',
 'scrapy.extensions.telnet.TelnetConsole',
 'scrapy.extensions.logstats.LogStats']
2024-08-31 21:08:21 [scrapy.crawler] INFO: Overridden settings:
{'BOT_NAME': 'mySpider05',
 'FEED_EXPORT_ENCODING': 'utf-8',
 'LOG_FILE': 'mySpider04.log',
 'NEWSPIDER_MODULE': 'mySpider05.spiders',
 'REQUEST_FINGERPRINTER_IMPLEMENTATION': '2.7',
 'SPIDER_MODULES': ['mySpider05.spiders'],
 'TWISTED_REACTOR': 'twisted.internet.asyncioreactor.AsyncioSelectorReactor'}
2024-08-31 21:08:21 [scrapy.middleware] INFO: Enabled downloader middlewares:
['scrapy.downloadermiddlewares.offsite.OffsiteMiddleware',
 'scrapy.downloadermiddlewares.httpauth.HttpAuthMiddleware',
 'scrapy.downloadermiddlewares.downloadtimeout.DownloadTimeoutMiddleware',
 'scrapy.downloadermiddlewares.defaultheaders.DefaultHeadersMiddleware',
 'scrapy.downloadermiddlewares.useragent.UserAgentMiddleware',
 'scrapy.downloadermiddlewares.retry.RetryMiddleware',
 'scrapy.downloadermiddlewares.redirect.MetaRefreshMiddleware',
 'scrapy.downloadermiddlewares.httpcompression.HttpCompressionMiddleware',
 'scrapy.downloadermiddlewares.redirect.RedirectMiddleware',
 'scrapy.downloadermiddlewares.cookies.CookiesMiddleware',
 'scrapy.downloadermiddlewares.httpproxy.HttpProxyMiddleware',
 'scrapy.downloadermiddlewares.stats.DownloaderStats']
2024-08-31 21:08:21 [scrapy.middleware] INFO: Enabled spider middlewares:
['scrapy.spidermiddlewares.httperror.HttpErrorMiddleware',
 'scrapy.spidermiddlewares.referer.RefererMiddleware',
 'scrapy.spidermiddlewares.urllength.UrlLengthMiddleware',
 'scrapy.spidermiddlewares.depth.DepthMiddleware']
2024-08-31 21:08:21 [scrapy.middleware] INFO: Enabled item pipelines:
[]
2024-08-31 21:08:21 [scrapy.core.engine] INFO: Spider opened
2024-08-31 21:08:21 [scrapy.extensions.logstats] INFO: Crawled 0 pages (at 0 pages/min), scraped 0 items (at 0 items/min)
2024-08-31 21:08:21 [scrapy.extensions.telnet] INFO: Telnet console listening on 127.0.0.1:6024
2024-08-31 21:08:21 [scrapy.core.engine] DEBUG: Crawled (200) <POST https://fanyi.baidu.com/sug> (referer: None)
2024-08-31 21:08:21 [baidu] INFO: 请求地址：https://fanyi.baidu.com/sug
2024-08-31 21:08:21 [scrapy.core.engine] INFO: Closing spider (finished)
2024-08-31 21:08:21 [scrapy.statscollectors] INFO: Dumping Scrapy stats:
{'downloader/request_bytes': 277,
 'downloader/request_count': 1,
 'downloader/request_method_count/POST': 1,
 'downloader/response_bytes': 820,
 'downloader/response_count': 1,
 'downloader/response_status_count/200': 1,
 'elapsed_time_seconds': 0.337546,
 'finish_reason': 'finished',
 'finish_time': datetime.datetime(2024, 8, 31, 13, 8, 21, 948167, tzinfo=datetime.timezone.utc),
 'httpcompression/response_bytes': 685,
 'httpcompression/response_count': 1,
 'log_count/DEBUG': 4,
 'log_count/INFO': 11,
 'response_received_count': 1,
 'scheduler/dequeued': 1,
 'scheduler/dequeued/memory': 1,
 'scheduler/enqueued': 1,
 'scheduler/enqueued/memory': 1,
 'start_time': datetime.datetime(2024, 8, 31, 13, 8, 21, 610621, tzinfo=datetime.timezone.utc)}
2024-08-31 21:08:21 [scrapy.core.engine] INFO: Spider closed (finished)
